#! /c/Source/iverilog-install/bin/vvp
:ivl_version "12.0 (devel)" "(s20150603-1110-g18392a46)";
:ivl_delay_selection "TYPICAL";
:vpi_time_precision + 0;
:vpi_module "C:\iverilog\lib\ivl\system.vpi";
:vpi_module "C:\iverilog\lib\ivl\vhdl_sys.vpi";
:vpi_module "C:\iverilog\lib\ivl\vhdl_textio.vpi";
:vpi_module "C:\iverilog\lib\ivl\v2005_math.vpi";
:vpi_module "C:\iverilog\lib\ivl\va_math.vpi";
S_00000229a4ff6c00 .scope module, "half_adder" "half_adder" 2 1;
 .timescale 0 0;
    .port_info 0 /INPUT 1 "a";
    .port_info 1 /INPUT 1 "b";
    .port_info 2 /OUTPUT 1 "sum";
    .port_info 3 /OUTPUT 1 "carry";
o00000229a4ff6e38 .functor BUFZ 1, C4<z>; HiZ drive
o00000229a4ff6e68 .functor BUFZ 1, C4<z>; HiZ drive
L_00000229a4fc3180 .functor XOR 1, o00000229a4ff6e38, o00000229a4ff6e68, C4<0>, C4<0>;
L_00000229a4fc35d0 .functor AND 1, o00000229a4ff6e38, o00000229a4ff6e68, C4<1>, C4<1>;
v00000229a4ff6d90_0 .net "a", 0 0, o00000229a4ff6e38;  0 drivers
v00000229a4fc30e0_0 .net "b", 0 0, o00000229a4ff6e68;  0 drivers
v00000229a4fad500_0 .net "carry", 0 0, L_00000229a4fc35d0;  1 drivers
v00000229a4fad5a0_0 .net "sum", 0 0, L_00000229a4fc3180;  1 drivers
# The file index is used to find the file name in the following table.
:file_names 3;
    "N/A";
    "<interactive>";
    "half_adder.v";
