#! /c/Source/iverilog-install/bin/vvp
:ivl_version "12.0 (devel)" "(s20150603-1110-g18392a46)";
:ivl_delay_selection "TYPICAL";
:vpi_time_precision - 12;
:vpi_module "C:\iverilog\lib\ivl\system.vpi";
:vpi_module "C:\iverilog\lib\ivl\vhdl_sys.vpi";
:vpi_module "C:\iverilog\lib\ivl\vhdl_textio.vpi";
:vpi_module "C:\iverilog\lib\ivl\v2005_math.vpi";
:vpi_module "C:\iverilog\lib\ivl\va_math.vpi";
S_000001b31cb3b7c0 .scope module, "tb_SmartLightingSystem" "tb_SmartLightingSystem" 2 4;
 .timescale -9 -12;
v000001b31ca15120_0 .var "clk", 0 0;
v000001b31ca74830_0 .net "light", 0 0, v000001b31ca1eda0_0;  1 drivers
v000001b31ca748d0_0 .var "light_level", 0 0;
v000001b31ca74970_0 .var "manual_off", 0 0;
v000001b31ca74a10_0 .var "manual_on", 0 0;
v000001b31ca75280_0 .var "motion", 0 0;
v000001b31ca74ce0_0 .var "reset", 0 0;
S_000001b31cb3b950 .scope module, "uut" "SmartLightingSystem" 2 18, 3 1 0, S_000001b31cb3b7c0;
 .timescale 0 0;
    .port_info 0 /INPUT 1 "clk";
    .port_info 1 /INPUT 1 "reset";
    .port_info 2 /INPUT 1 "motion";
    .port_info 3 /INPUT 1 "light_level";
    .port_info 4 /INPUT 1 "manual_on";
    .port_info 5 /INPUT 1 "manual_off";
    .port_info 6 /OUTPUT 1 "light";
P_000001b31ca09eb0 .param/l "DIM" 1 3 20, C4<100>;
P_000001b31ca09ee8 .param/l "IDLE" 1 3 16, C4<000>;
P_000001b31ca09f20 .param/l "MANUAL_ON" 1 3 19, C4<011>;
P_000001b31ca09f58 .param/l "MOTION_ON" 1 3 17, C4<001>;
P_000001b31ca09f90 .param/l "NIGHT_ON" 1 3 18, C4<010>;
v000001b31cb3bae0_0 .net "clk", 0 0, v000001b31ca15120_0;  1 drivers
v000001b31ca1eda0_0 .var "light", 0 0;
v000001b31cb3bb80_0 .net "light_level", 0 0, v000001b31ca748d0_0;  1 drivers
v000001b31ca14e00_0 .net "manual_off", 0 0, v000001b31ca74970_0;  1 drivers
v000001b31ca14ea0_0 .net "manual_on", 0 0, v000001b31ca74a10_0;  1 drivers
v000001b31c9e3120_0 .net "motion", 0 0, v000001b31ca75280_0;  1 drivers
v000001b31ca14f40_0 .var "next_state", 2 0;
v000001b31ca14fe0_0 .net "reset", 0 0, v000001b31ca74ce0_0;  1 drivers
v000001b31ca15080_0 .var "state", 2 0;
E_000001b31cb38380 .event posedge, v000001b31ca14fe0_0, v000001b31cb3bae0_0;
E_000001b31cb38980/0 .event anyedge, v000001b31ca15080_0, v000001b31c9e3120_0, v000001b31cb3bb80_0, v000001b31ca14ea0_0;
E_000001b31cb38980/1 .event anyedge, v000001b31ca14e00_0;
E_000001b31cb38980 .event/or E_000001b31cb38980/0, E_000001b31cb38980/1;
    .scope S_000001b31cb3b950;
T_0 ;
    %wait E_000001b31cb38380;
    %load/vec4 v000001b31ca14fe0_0;
    %flag_set/vec4 8;
    %jmp/0xz  T_0.0, 8;
    %pushi/vec4 0, 0, 3;
    %assign/vec4 v000001b31ca15080_0, 0;
    %jmp T_0.1;
T_0.0 ;
    %load/vec4 v000001b31ca14f40_0;
    %assign/vec4 v000001b31ca15080_0, 0;
T_0.1 ;
    %jmp T_0;
    .thread T_0;
    .scope S_000001b31cb3b950;
T_1 ;
    %wait E_000001b31cb38980;
    %load/vec4 v000001b31ca15080_0;
    %dup/vec4;
    %pushi/vec4 0, 0, 3;
    %cmp/u;
    %jmp/1 T_1.0, 6;
    %dup/vec4;
    %pushi/vec4 1, 0, 3;
    %cmp/u;
    %jmp/1 T_1.1, 6;
    %dup/vec4;
    %pushi/vec4 2, 0, 3;
    %cmp/u;
    %jmp/1 T_1.2, 6;
    %dup/vec4;
    %pushi/vec4 3, 0, 3;
    %cmp/u;
    %jmp/1 T_1.3, 6;
    %dup/vec4;
    %pushi/vec4 4, 0, 3;
    %cmp/u;
    %jmp/1 T_1.4, 6;
    %pushi/vec4 0, 0, 3;
    %store/vec4 v000001b31ca14f40_0, 0, 3;
    %jmp T_1.6;
T_1.0 ;
    %load/vec4 v000001b31c9e3120_0;
    %load/vec4 v000001b31cb3bb80_0;
    %and;
    %flag_set/vec4 8;
    %jmp/0xz  T_1.7, 8;
    %pushi/vec4 1, 0, 3;
    %store/vec4 v000001b31ca14f40_0, 0, 3;
    %jmp T_1.8;
T_1.7 ;
    %load/vec4 v000001b31ca14ea0_0;
    %flag_set/vec4 8;
    %jmp/0xz  T_1.9, 8;
    %pushi/vec4 3, 0, 3;
    %store/vec4 v000001b31ca14f40_0, 0, 3;
    %jmp T_1.10;
T_1.9 ;
    %pushi/vec4 0, 0, 3;
    %store/vec4 v000001b31ca14f40_0, 0, 3;
T_1.10 ;
T_1.8 ;
    %jmp T_1.6;
T_1.1 ;
    %load/vec4 v000001b31c9e3120_0;
    %nor/r;
    %flag_set/vec4 8;
    %jmp/0xz  T_1.11, 8;
    %pushi/vec4 4, 0, 3;
    %store/vec4 v000001b31ca14f40_0, 0, 3;
    %jmp T_1.12;
T_1.11 ;
    %load/vec4 v000001b31ca14e00_0;
    %flag_set/vec4 8;
    %jmp/0xz  T_1.13, 8;
    %pushi/vec4 0, 0, 3;
    %store/vec4 v000001b31ca14f40_0, 0, 3;
    %jmp T_1.14;
T_1.13 ;
    %pushi/vec4 1, 0, 3;
    %store/vec4 v000001b31ca14f40_0, 0, 3;
T_1.14 ;
T_1.12 ;
    %jmp T_1.6;
T_1.2 ;
    %load/vec4 v000001b31cb3bb80_0;
    %nor/r;
    %flag_set/vec4 8;
    %jmp/0xz  T_1.15, 8;
    %pushi/vec4 0, 0, 3;
    %store/vec4 v000001b31ca14f40_0, 0, 3;
    %jmp T_1.16;
T_1.15 ;
    %pushi/vec4 2, 0, 3;
    %store/vec4 v000001b31ca14f40_0, 0, 3;
T_1.16 ;
    %jmp T_1.6;
T_1.3 ;
    %load/vec4 v000001b31ca14e00_0;
    %flag_set/vec4 8;
    %jmp/0xz  T_1.17, 8;
    %pushi/vec4 0, 0, 3;
    %store/vec4 v000001b31ca14f40_0, 0, 3;
    %jmp T_1.18;
T_1.17 ;
    %pushi/vec4 3, 0, 3;
    %store/vec4 v000001b31ca14f40_0, 0, 3;
T_1.18 ;
    %jmp T_1.6;
T_1.4 ;
    %load/vec4 v000001b31c9e3120_0;
    %nor/r;
    %flag_set/vec4 8;
    %jmp/0xz  T_1.19, 8;
    %pushi/vec4 0, 0, 3;
    %store/vec4 v000001b31ca14f40_0, 0, 3;
    %jmp T_1.20;
T_1.19 ;
    %pushi/vec4 1, 0, 3;
    %store/vec4 v000001b31ca14f40_0, 0, 3;
T_1.20 ;
    %jmp T_1.6;
T_1.6 ;
    %pop/vec4 1;
    %jmp T_1;
    .thread T_1, $push;
    .scope S_000001b31cb3b950;
T_2 ;
    %wait E_000001b31cb38380;
    %load/vec4 v000001b31ca14fe0_0;
    %flag_set/vec4 8;
    %jmp/0xz  T_2.0, 8;
    %pushi/vec4 0, 0, 1;
    %assign/vec4 v000001b31ca1eda0_0, 0;
    %jmp T_2.1;
T_2.0 ;
    %load/vec4 v000001b31ca14f40_0;
    %dup/vec4;
    %pushi/vec4 0, 0, 3;
    %cmp/u;
    %jmp/1 T_2.2, 6;
    %dup/vec4;
    %pushi/vec4 1, 0, 3;
    %cmp/u;
    %jmp/1 T_2.3, 6;
    %dup/vec4;
    %pushi/vec4 2, 0, 3;
    %cmp/u;
    %jmp/1 T_2.4, 6;
    %dup/vec4;
    %pushi/vec4 3, 0, 3;
    %cmp/u;
    %jmp/1 T_2.5, 6;
    %dup/vec4;
    %pushi/vec4 4, 0, 3;
    %cmp/u;
    %jmp/1 T_2.6, 6;
    %pushi/vec4 0, 0, 1;
    %assign/vec4 v000001b31ca1eda0_0, 0;
    %jmp T_2.8;
T_2.2 ;
    %pushi/vec4 0, 0, 1;
    %assign/vec4 v000001b31ca1eda0_0, 0;
    %jmp T_2.8;
T_2.3 ;
    %pushi/vec4 1, 0, 1;
    %assign/vec4 v000001b31ca1eda0_0, 0;
    %jmp T_2.8;
T_2.4 ;
    %pushi/vec4 1, 0, 1;
    %assign/vec4 v000001b31ca1eda0_0, 0;
    %jmp T_2.8;
T_2.5 ;
    %pushi/vec4 1, 0, 1;
    %assign/vec4 v000001b31ca1eda0_0, 0;
    %jmp T_2.8;
T_2.6 ;
    %pushi/vec4 0, 0, 1;
    %assign/vec4 v000001b31ca1eda0_0, 0;
    %jmp T_2.8;
T_2.8 ;
    %pop/vec4 1;
T_2.1 ;
    %jmp T_2;
    .thread T_2;
    .scope S_000001b31cb3b7c0;
T_3 ;
    %delay 5000, 0;
    %load/vec4 v000001b31ca15120_0;
    %inv;
    %store/vec4 v000001b31ca15120_0, 0, 1;
    %jmp T_3;
    .thread T_3;
    .scope S_000001b31cb3b7c0;
T_4 ;
    %pushi/vec4 0, 0, 1;
    %store/vec4 v000001b31ca15120_0, 0, 1;
    %pushi/vec4 0, 0, 1;
    %store/vec4 v000001b31ca74ce0_0, 0, 1;
    %pushi/vec4 0, 0, 1;
    %store/vec4 v000001b31ca75280_0, 0, 1;
    %pushi/vec4 0, 0, 1;
    %store/vec4 v000001b31ca748d0_0, 0, 1;
    %pushi/vec4 0, 0, 1;
    %store/vec4 v000001b31ca74a10_0, 0, 1;
    %pushi/vec4 0, 0, 1;
    %store/vec4 v000001b31ca74970_0, 0, 1;
    %pushi/vec4 1, 0, 1;
    %store/vec4 v000001b31ca74ce0_0, 0, 1;
    %delay 10000, 0;
    %pushi/vec4 0, 0, 1;
    %store/vec4 v000001b31ca74ce0_0, 0, 1;
    %vpi_call 2 45 "$dumpfile", "SmartLightingSystem.vcd" {0 0 0};
    %vpi_call 2 46 "$dumpvars", 32'sb00000000000000000000000000000000, S_000001b31cb3b7c0 {0 0 0};
    %delay 20000, 0;
    %pushi/vec4 1, 0, 1;
    %store/vec4 v000001b31ca748d0_0, 0, 1;
    %pushi/vec4 1, 0, 1;
    %store/vec4 v000001b31ca75280_0, 0, 1;
    %delay 30000, 0;
    %pushi/vec4 0, 0, 1;
    %store/vec4 v000001b31ca75280_0, 0, 1;
    %delay 40000, 0;
    %pushi/vec4 1, 0, 1;
    %store/vec4 v000001b31ca74a10_0, 0, 1;
    %delay 50000, 0;
    %pushi/vec4 0, 0, 1;
    %store/vec4 v000001b31ca74a10_0, 0, 1;
    %delay 60000, 0;
    %pushi/vec4 0, 0, 1;
    %store/vec4 v000001b31ca748d0_0, 0, 1;
    %pushi/vec4 1, 0, 1;
    %store/vec4 v000001b31ca75280_0, 0, 1;
    %delay 30000, 0;
    %pushi/vec4 0, 0, 1;
    %store/vec4 v000001b31ca75280_0, 0, 1;
    %delay 70000, 0;
    %pushi/vec4 1, 0, 1;
    %store/vec4 v000001b31ca74970_0, 0, 1;
    %delay 80000, 0;
    %pushi/vec4 0, 0, 1;
    %store/vec4 v000001b31ca74970_0, 0, 1;
    %delay 90000, 0;
    %pushi/vec4 1, 0, 1;
    %store/vec4 v000001b31ca748d0_0, 0, 1;
    %pushi/vec4 1, 0, 1;
    %store/vec4 v000001b31ca75280_0, 0, 1;
    %delay 40000, 0;
    %pushi/vec4 0, 0, 1;
    %store/vec4 v000001b31ca75280_0, 0, 1;
    %delay 100000, 0;
    %vpi_call 2 72 "$finish" {0 0 0};
    %end;
    .thread T_4;
# The file index is used to find the file name in the following table.
:file_names 4;
    "N/A";
    "<interactive>";
    "home_tb.v";
    "./home.v";
