#! /c/Source/iverilog-install/bin/vvp
:ivl_version "12.0 (devel)" "(s20150603-1110-g18392a46)";
:ivl_delay_selection "TYPICAL";
:vpi_time_precision + 0;
:vpi_module "C:\iverilog\lib\ivl\system.vpi";
:vpi_module "C:\iverilog\lib\ivl\vhdl_sys.vpi";
:vpi_module "C:\iverilog\lib\ivl\vhdl_textio.vpi";
:vpi_module "C:\iverilog\lib\ivl\v2005_math.vpi";
:vpi_module "C:\iverilog\lib\ivl\va_math.vpi";
S_000001cf5c568d60 .scope module, "SmartLightingSystem" "SmartLightingSystem" 2 1;
 .timescale 0 0;
    .port_info 0 /INPUT 1 "clk";
    .port_info 1 /INPUT 1 "reset";
    .port_info 2 /INPUT 1 "motion";
    .port_info 3 /INPUT 1 "light_level";
    .port_info 4 /INPUT 1 "manual_on";
    .port_info 5 /INPUT 1 "manual_off";
    .port_info 6 /OUTPUT 1 "light";
P_000001cf5c442ce0 .param/l "DIM" 1 2 20, C4<100>;
P_000001cf5c442d18 .param/l "IDLE" 1 2 16, C4<000>;
P_000001cf5c442d50 .param/l "MANUAL_ON" 1 2 19, C4<011>;
P_000001cf5c442d88 .param/l "MOTION_ON" 1 2 17, C4<001>;
P_000001cf5c442dc0 .param/l "NIGHT_ON" 1 2 18, C4<010>;
o000001cf5c47ffb8 .functor BUFZ 1, C4<z>; HiZ drive
v000001cf5c442e00_0 .net "clk", 0 0, o000001cf5c47ffb8;  0 drivers
v000001cf5c442ea0_0 .var "light", 0 0;
o000001cf5c480018 .functor BUFZ 1, C4<z>; HiZ drive
v000001cf5c442f40_0 .net "light_level", 0 0, o000001cf5c480018;  0 drivers
o000001cf5c480048 .functor BUFZ 1, C4<z>; HiZ drive
v000001cf5c442fe0_0 .net "manual_off", 0 0, o000001cf5c480048;  0 drivers
o000001cf5c480078 .functor BUFZ 1, C4<z>; HiZ drive
v000001cf5c443080_0 .net "manual_on", 0 0, o000001cf5c480078;  0 drivers
o000001cf5c4800a8 .functor BUFZ 1, C4<z>; HiZ drive
v000001cf5c443120_0 .net "motion", 0 0, o000001cf5c4800a8;  0 drivers
v000001cf5c4c2820_0 .var "next_state", 2 0;
o000001cf5c480108 .functor BUFZ 1, C4<z>; HiZ drive
v000001cf5c4c28c0_0 .net "reset", 0 0, o000001cf5c480108;  0 drivers
v000001cf5c4c2960_0 .var "state", 2 0;
E_000001cf5c47c020 .event posedge, v000001cf5c4c28c0_0, v000001cf5c442e00_0;
E_000001cf5c47c560/0 .event anyedge, v000001cf5c4c2960_0, v000001cf5c443120_0, v000001cf5c442f40_0, v000001cf5c443080_0;
E_000001cf5c47c560/1 .event anyedge, v000001cf5c442fe0_0;
E_000001cf5c47c560 .event/or E_000001cf5c47c560/0, E_000001cf5c47c560/1;
    .scope S_000001cf5c568d60;
T_0 ;
    %wait E_000001cf5c47c020;
    %load/vec4 v000001cf5c4c28c0_0;
    %flag_set/vec4 8;
    %jmp/0xz  T_0.0, 8;
    %pushi/vec4 0, 0, 3;
    %assign/vec4 v000001cf5c4c2960_0, 0;
    %jmp T_0.1;
T_0.0 ;
    %load/vec4 v000001cf5c4c2820_0;
    %assign/vec4 v000001cf5c4c2960_0, 0;
T_0.1 ;
    %jmp T_0;
    .thread T_0;
    .scope S_000001cf5c568d60;
T_1 ;
    %wait E_000001cf5c47c560;
    %load/vec4 v000001cf5c4c2960_0;
    %dup/vec4;
    %pushi/vec4 0, 0, 3;
    %cmp/u;
    %jmp/1 T_1.0, 6;
    %dup/vec4;
    %pushi/vec4 1, 0, 3;
    %cmp/u;
    %jmp/1 T_1.1, 6;
    %dup/vec4;
    %pushi/vec4 2, 0, 3;
    %cmp/u;
    %jmp/1 T_1.2, 6;
    %dup/vec4;
    %pushi/vec4 3, 0, 3;
    %cmp/u;
    %jmp/1 T_1.3, 6;
    %dup/vec4;
    %pushi/vec4 4, 0, 3;
    %cmp/u;
    %jmp/1 T_1.4, 6;
    %pushi/vec4 0, 0, 3;
    %store/vec4 v000001cf5c4c2820_0, 0, 3;
    %jmp T_1.6;
T_1.0 ;
    %load/vec4 v000001cf5c443120_0;
    %load/vec4 v000001cf5c442f40_0;
    %and;
    %flag_set/vec4 8;
    %jmp/0xz  T_1.7, 8;
    %pushi/vec4 1, 0, 3;
    %store/vec4 v000001cf5c4c2820_0, 0, 3;
    %jmp T_1.8;
T_1.7 ;
    %load/vec4 v000001cf5c443080_0;
    %flag_set/vec4 8;
    %jmp/0xz  T_1.9, 8;
    %pushi/vec4 3, 0, 3;
    %store/vec4 v000001cf5c4c2820_0, 0, 3;
    %jmp T_1.10;
T_1.9 ;
    %pushi/vec4 0, 0, 3;
    %store/vec4 v000001cf5c4c2820_0, 0, 3;
T_1.10 ;
T_1.8 ;
    %jmp T_1.6;
T_1.1 ;
    %load/vec4 v000001cf5c443120_0;
    %nor/r;
    %flag_set/vec4 8;
    %jmp/0xz  T_1.11, 8;
    %pushi/vec4 4, 0, 3;
    %store/vec4 v000001cf5c4c2820_0, 0, 3;
    %jmp T_1.12;
T_1.11 ;
    %load/vec4 v000001cf5c442fe0_0;
    %flag_set/vec4 8;
    %jmp/0xz  T_1.13, 8;
    %pushi/vec4 0, 0, 3;
    %store/vec4 v000001cf5c4c2820_0, 0, 3;
    %jmp T_1.14;
T_1.13 ;
    %pushi/vec4 1, 0, 3;
    %store/vec4 v000001cf5c4c2820_0, 0, 3;
T_1.14 ;
T_1.12 ;
    %jmp T_1.6;
T_1.2 ;
    %load/vec4 v000001cf5c442f40_0;
    %nor/r;
    %flag_set/vec4 8;
    %jmp/0xz  T_1.15, 8;
    %pushi/vec4 0, 0, 3;
    %store/vec4 v000001cf5c4c2820_0, 0, 3;
    %jmp T_1.16;
T_1.15 ;
    %pushi/vec4 2, 0, 3;
    %store/vec4 v000001cf5c4c2820_0, 0, 3;
T_1.16 ;
    %jmp T_1.6;
T_1.3 ;
    %load/vec4 v000001cf5c442fe0_0;
    %flag_set/vec4 8;
    %jmp/0xz  T_1.17, 8;
    %pushi/vec4 0, 0, 3;
    %store/vec4 v000001cf5c4c2820_0, 0, 3;
    %jmp T_1.18;
T_1.17 ;
    %pushi/vec4 3, 0, 3;
    %store/vec4 v000001cf5c4c2820_0, 0, 3;
T_1.18 ;
    %jmp T_1.6;
T_1.4 ;
    %load/vec4 v000001cf5c443120_0;
    %nor/r;
    %flag_set/vec4 8;
    %jmp/0xz  T_1.19, 8;
    %pushi/vec4 0, 0, 3;
    %store/vec4 v000001cf5c4c2820_0, 0, 3;
    %jmp T_1.20;
T_1.19 ;
    %pushi/vec4 1, 0, 3;
    %store/vec4 v000001cf5c4c2820_0, 0, 3;
T_1.20 ;
    %jmp T_1.6;
T_1.6 ;
    %pop/vec4 1;
    %jmp T_1;
    .thread T_1, $push;
    .scope S_000001cf5c568d60;
T_2 ;
    %wait E_000001cf5c47c020;
    %load/vec4 v000001cf5c4c28c0_0;
    %flag_set/vec4 8;
    %jmp/0xz  T_2.0, 8;
    %pushi/vec4 0, 0, 1;
    %assign/vec4 v000001cf5c442ea0_0, 0;
    %jmp T_2.1;
T_2.0 ;
    %load/vec4 v000001cf5c4c2820_0;
    %dup/vec4;
    %pushi/vec4 0, 0, 3;
    %cmp/u;
    %jmp/1 T_2.2, 6;
    %dup/vec4;
    %pushi/vec4 1, 0, 3;
    %cmp/u;
    %jmp/1 T_2.3, 6;
    %dup/vec4;
    %pushi/vec4 2, 0, 3;
    %cmp/u;
    %jmp/1 T_2.4, 6;
    %dup/vec4;
    %pushi/vec4 3, 0, 3;
    %cmp/u;
    %jmp/1 T_2.5, 6;
    %dup/vec4;
    %pushi/vec4 4, 0, 3;
    %cmp/u;
    %jmp/1 T_2.6, 6;
    %pushi/vec4 0, 0, 1;
    %assign/vec4 v000001cf5c442ea0_0, 0;
    %jmp T_2.8;
T_2.2 ;
    %pushi/vec4 0, 0, 1;
    %assign/vec4 v000001cf5c442ea0_0, 0;
    %jmp T_2.8;
T_2.3 ;
    %pushi/vec4 1, 0, 1;
    %assign/vec4 v000001cf5c442ea0_0, 0;
    %jmp T_2.8;
T_2.4 ;
    %pushi/vec4 1, 0, 1;
    %assign/vec4 v000001cf5c442ea0_0, 0;
    %jmp T_2.8;
T_2.5 ;
    %pushi/vec4 1, 0, 1;
    %assign/vec4 v000001cf5c442ea0_0, 0;
    %jmp T_2.8;
T_2.6 ;
    %pushi/vec4 0, 0, 1;
    %assign/vec4 v000001cf5c442ea0_0, 0;
    %jmp T_2.8;
T_2.8 ;
    %pop/vec4 1;
T_2.1 ;
    %jmp T_2;
    .thread T_2;
# The file index is used to find the file name in the following table.
:file_names 3;
    "N/A";
    "<interactive>";
    "home.v";
